[28-Nov-2024 13:56:22 UTC] PHP Deprecated:  Constant FILTER_SANITIZE_STRING is deprecated in D:\xampp\htdocs\wordpressSorakreatif\wordpress\wp-content\plugins\astra-sites\inc\classes\class-astra-sites.php on line 2069
[28-Nov-2024 13:58:48 UTC] PHP Deprecated:  Constant FILTER_SANITIZE_STRING is deprecated in D:\xampp\htdocs\wordpressSorakreatif\wordpress\wp-content\plugins\astra-sites\inc\classes\class-astra-sites.php on line 2069
[28-Nov-2024 14:47:56 UTC] PHP Fatal error:  Maximum execution time of 120 seconds exceeded in D:\xampp\htdocs\wordpressSorakreatif\wordpress\wp-content\plugins\header-footer-elementor\inc\widgets-manager\widgets\class-retina.php on line 24
[28-Nov-2024 14:48:15 UTC] PHP Fatal error:  Maximum execution time of 120 seconds exceeded in D:\xampp\htdocs\wordpressSorakreatif\wordpress\wp-content\plugins\premium-addons-for-elementor\widgets\premium-weather.php on line 24
[28-Nov-2024 14:48:34 UTC] PHP Fatal error:  Maximum execution time of 120 seconds exceeded in D:\xampp\htdocs\wordpressSorakreatif\wordpress\wp-includes\plugin.php on line 190
[28-Nov-2024 15:09:35 UTC] PHP Deprecated:  Constant FILTER_SANITIZE_STRING is deprecated in D:\xampp\htdocs\wordpressSorakreatif\wordpress\wp-content\plugins\astra-sites\inc\classes\class-astra-sites.php on line 2069
[29-Nov-2024 03:24:11 UTC] Automatic updates starting...
[29-Nov-2024 03:24:13 UTC]   Automatic plugin updates starting...
[29-Nov-2024 03:24:13 UTC]   Automatic plugin updates complete.
[29-Nov-2024 03:24:16 UTC] Automatic updates complete.
[29-Nov-2024 03:24:41 UTC] PHP Deprecated:  Constant FILTER_SANITIZE_STRING is deprecated in D:\xampp\htdocs\wordpressSorakreatif\wordpress\wp-content\plugins\astra-sites\inc\classes\class-astra-sites.php on line 2069
[29-Nov-2024 03:31:31 UTC] PHP Fatal error:  Maximum execution time of 120 seconds exceeded in D:\xampp\htdocs\wordpressSorakreatif\wordpress\wp-admin\includes\template.php on line 12
[29-Nov-2024 03:31:34 UTC] PHP Fatal error:  Maximum execution time of 120 seconds exceeded in D:\xampp\htdocs\wordpressSorakreatif\wordpress\wp-admin\includes\deprecated.php on line 332
[29-Nov-2024 03:31:38 UTC] PHP Fatal error:  Maximum execution time of 120 seconds exceeded in D:\xampp\htdocs\wordpressSorakreatif\wordpress\wp-includes\query.php on line 169
[29-Nov-2024 03:31:42 UTC] PHP Fatal error:  Maximum execution time of 120 seconds exceeded in D:\xampp\htdocs\wordpressSorakreatif\wordpress\wp-includes\l10n.php on line 305
[29-Nov-2024 03:31:51 UTC] PHP Fatal error:  Maximum execution time of 120 seconds exceeded in D:\xampp\htdocs\wordpressSorakreatif\wordpress\wp-content\plugins\essential-addons-for-elementor-lite\includes\Elements\Adv_Accordion.php on line 6
[29-Nov-2024 03:31:58 UTC] PHP Fatal error:  Maximum execution time of 120 seconds exceeded in D:\xampp\htdocs\wordpressSorakreatif\wordpress\wp-includes\class-wp-theme.php on line 1333
[29-Nov-2024 03:32:17 UTC] PHP Fatal error:  Maximum execution time of 120 seconds exceeded in D:\xampp\htdocs\wordpressSorakreatif\wordpress\wp-content\plugins\exclusive-addons-for-elementor\elements\covid-19-stats\covid-19-stats.php on line 4
[29-Nov-2024 03:32:24 UTC] PHP Fatal error:  Maximum execution time of 120 seconds exceeded in D:\xampp\htdocs\wordpressSorakreatif\wordpress\wp-content\plugins\exclusive-addons-for-elementor\includes\addons-manager-class.php on line 138
[29-Nov-2024 03:32:38 UTC] PHP Fatal error:  Maximum execution time of 120 seconds exceeded in D:\xampp\htdocs\wordpressSorakreatif\wordpress\wp-content\plugins\premium-addons-for-elementor\widgets\premium-icon-list.php on line 32
[29-Nov-2024 03:33:09 UTC] PHP Fatal error:  Maximum execution time of 120 seconds exceeded in D:\xampp\htdocs\wordpressSorakreatif\wordpress\wp-content\plugins\royal-elementor-addons\modules\magazine-grid\widgets\wpr-magazine-grid.php on line 18
[29-Nov-2024 03:33:17 UTC] PHP Fatal error:  Maximum execution time of 120 seconds exceeded in D:\xampp\htdocs\wordpressSorakreatif\wordpress\wp-includes\Requests\src\Transport\Curl.php on line 105
[29-Nov-2024 03:34:05 UTC] PHP Fatal error:  Maximum execution time of 120 seconds exceeded in D:\xampp\htdocs\wordpressSorakreatif\wordpress\wp-content\plugins\elementor\includes\widgets\social-icons.php on line 4
[29-Nov-2024 03:34:05 UTC] PHP Fatal error:  Maximum execution time of 120 seconds exceeded in D:\xampp\htdocs\wordpressSorakreatif\wordpress\wp-content\plugins\essential-addons-for-elementor-lite\includes\Elements\Cta_Box.php on line 5
[29-Nov-2024 03:34:07 UTC] PHP Fatal error:  Maximum execution time of 120 seconds exceeded in D:\xampp\htdocs\wordpressSorakreatif\wordpress\wp-content\plugins\essential-addons-for-elementor-lite\includes\Elements\Pricing_Table.php on line 6
[29-Nov-2024 03:34:57 UTC] Cron reschedule event error for hook: litespeed_task_imgoptm_pull, Error code: could_not_set, Error message: The cron event list could not be saved., Data: {"schedule":"litespeed_filter","args":[],"interval":60}
[29-Nov-2024 03:39:02 UTC] PHP Fatal error:  Maximum execution time of 120 seconds exceeded in D:\xampp\htdocs\wordpressSorakreatif\wordpress\wp-includes\plugin.php on line 173
[29-Nov-2024 03:39:25 UTC] PHP Fatal error:  Maximum execution time of 120 seconds exceeded in D:\xampp\htdocs\wordpressSorakreatif\wordpress\wp-includes\blocks\query-pagination-numbers.php on line 133
[29-Nov-2024 03:39:32 UTC] PHP Fatal error:  Maximum execution time of 120 seconds exceeded in D:\xampp\htdocs\wordpressSorakreatif\wordpress\wp-includes\block-patterns.php on line 9
[29-Nov-2024 03:39:55 UTC] PHP Fatal error:  Maximum execution time of 120 seconds exceeded in D:\xampp\htdocs\wordpressSorakreatif\wordpress\wp-includes\block-supports\align.php on line 59
[29-Nov-2024 03:45:15 UTC] PHP Deprecated:  Constant FILTER_SANITIZE_STRING is deprecated in D:\xampp\htdocs\wordpressSorakreatif\wordpress\wp-content\plugins\astra-sites\inc\classes\class-astra-sites.php on line 2069
[29-Nov-2024 03:54:49 UTC] PHP Deprecated:  Constant FILTER_SANITIZE_STRING is deprecated in D:\xampp\htdocs\wordpressSorakreatif\wordpress\wp-content\plugins\astra-sites\inc\classes\class-astra-sites.php on line 2069
[29-Nov-2024 03:58:23 UTC] PHP Deprecated:  Constant FILTER_SANITIZE_STRING is deprecated in D:\xampp\htdocs\wordpressSorakreatif\wordpress\wp-content\plugins\astra-sites\inc\classes\class-astra-sites.php on line 2069
[29-Nov-2024 04:04:06 UTC] PHP Deprecated:  Function print_emoji_styles is <strong>deprecated</strong> since version 6.4.0! Use wp_enqueue_emoji_styles instead. in D:\xampp\htdocs\wordpressSorakreatif\wordpress\wp-includes\functions.php on line 6114
[29-Nov-2024 04:04:34 UTC] PHP Deprecated:  Constant FILTER_SANITIZE_STRING is deprecated in D:\xampp\htdocs\wordpressSorakreatif\wordpress\wp-content\plugins\astra-sites\inc\classes\class-astra-sites.php on line 2069
[29-Nov-2024 04:07:32 UTC] PHP Deprecated:  Constant FILTER_SANITIZE_STRING is deprecated in D:\xampp\htdocs\wordpressSorakreatif\wordpress\wp-content\plugins\astra-sites\inc\classes\class-astra-sites.php on line 2069
[29-Nov-2024 06:55:56 UTC] PHP Deprecated:  Constant FILTER_SANITIZE_STRING is deprecated in D:\xampp\htdocs\wordpressSorakreatif\wordpress\wp-content\plugins\astra-sites\inc\classes\class-astra-sites.php on line 2069
[29-Nov-2024 07:03:55 UTC] PHP Deprecated:  ltrim(): Passing null to parameter #1 ($string) of type string is deprecated in D:\xampp\htdocs\wordpressSorakreatif\wordpress\wp-includes\formatting.php on line 4467
[29-Nov-2024 07:03:55 UTC] PHP Deprecated:  str_contains(): Passing null to parameter #1 ($haystack) of type string is deprecated in D:\xampp\htdocs\wordpressSorakreatif\wordpress\wp-includes\shortcodes.php on line 246
[29-Nov-2024 07:03:55 UTC] PHP Deprecated:  preg_split(): Passing null to parameter #2 ($subject) of type string is deprecated in D:\xampp\htdocs\wordpressSorakreatif\wordpress\wp-includes\formatting.php on line 616
[29-Nov-2024 07:03:55 UTC] PHP Deprecated:  preg_match(): Passing null to parameter #2 ($subject) of type string is deprecated in D:\xampp\htdocs\wordpressSorakreatif\wordpress\wp-includes\class-wp-embed.php on line 446
[29-Nov-2024 07:03:55 UTC] PHP Deprecated:  str_replace(): Passing null to parameter #3 ($subject) of type array|string is deprecated in D:\xampp\htdocs\wordpressSorakreatif\wordpress\wp-includes\class-wp-embed.php on line 454
[29-Nov-2024 07:05:39 UTC] PHP Deprecated:  str_contains(): Passing null to parameter #1 ($haystack) of type string is deprecated in D:\xampp\htdocs\wordpressSorakreatif\wordpress\wp-includes\shortcodes.php on line 246
[29-Nov-2024 07:05:39 UTC] PHP Deprecated:  preg_split(): Passing null to parameter #2 ($subject) of type string is deprecated in D:\xampp\htdocs\wordpressSorakreatif\wordpress\wp-includes\formatting.php on line 616
[29-Nov-2024 07:05:39 UTC] PHP Deprecated:  preg_match(): Passing null to parameter #2 ($subject) of type string is deprecated in D:\xampp\htdocs\wordpressSorakreatif\wordpress\wp-includes\class-wp-embed.php on line 446
[29-Nov-2024 07:05:39 UTC] PHP Deprecated:  str_replace(): Passing null to parameter #3 ($subject) of type array|string is deprecated in D:\xampp\htdocs\wordpressSorakreatif\wordpress\wp-includes\class-wp-embed.php on line 454
[29-Nov-2024 07:05:47 UTC] PHP Deprecated:  ltrim(): Passing null to parameter #1 ($string) of type string is deprecated in D:\xampp\htdocs\wordpressSorakreatif\wordpress\wp-includes\formatting.php on line 4467
[29-Nov-2024 07:05:47 UTC] PHP Deprecated:  str_contains(): Passing null to parameter #1 ($haystack) of type string is deprecated in D:\xampp\htdocs\wordpressSorakreatif\wordpress\wp-includes\shortcodes.php on line 246
[29-Nov-2024 07:05:47 UTC] PHP Deprecated:  preg_split(): Passing null to parameter #2 ($subject) of type string is deprecated in D:\xampp\htdocs\wordpressSorakreatif\wordpress\wp-includes\formatting.php on line 616
[29-Nov-2024 07:05:47 UTC] PHP Deprecated:  preg_match(): Passing null to parameter #2 ($subject) of type string is deprecated in D:\xampp\htdocs\wordpressSorakreatif\wordpress\wp-includes\class-wp-embed.php on line 446
[29-Nov-2024 07:05:47 UTC] PHP Deprecated:  str_replace(): Passing null to parameter #3 ($subject) of type array|string is deprecated in D:\xampp\htdocs\wordpressSorakreatif\wordpress\wp-includes\class-wp-embed.php on line 454
[29-Nov-2024 07:06:48 UTC] PHP Deprecated:  str_contains(): Passing null to parameter #1 ($haystack) of type string is deprecated in D:\xampp\htdocs\wordpressSorakreatif\wordpress\wp-includes\shortcodes.php on line 246
[29-Nov-2024 07:06:48 UTC] PHP Deprecated:  preg_split(): Passing null to parameter #2 ($subject) of type string is deprecated in D:\xampp\htdocs\wordpressSorakreatif\wordpress\wp-includes\formatting.php on line 616
[29-Nov-2024 07:06:48 UTC] PHP Deprecated:  preg_match(): Passing null to parameter #2 ($subject) of type string is deprecated in D:\xampp\htdocs\wordpressSorakreatif\wordpress\wp-includes\class-wp-embed.php on line 446
[29-Nov-2024 07:06:48 UTC] PHP Deprecated:  str_replace(): Passing null to parameter #3 ($subject) of type array|string is deprecated in D:\xampp\htdocs\wordpressSorakreatif\wordpress\wp-includes\class-wp-embed.php on line 454
[29-Nov-2024 07:07:21 UTC] PHP Deprecated:  str_contains(): Passing null to parameter #1 ($haystack) of type string is deprecated in D:\xampp\htdocs\wordpressSorakreatif\wordpress\wp-includes\shortcodes.php on line 246
[29-Nov-2024 07:07:21 UTC] PHP Deprecated:  preg_split(): Passing null to parameter #2 ($subject) of type string is deprecated in D:\xampp\htdocs\wordpressSorakreatif\wordpress\wp-includes\formatting.php on line 616
[29-Nov-2024 07:07:21 UTC] PHP Deprecated:  preg_match(): Passing null to parameter #2 ($subject) of type string is deprecated in D:\xampp\htdocs\wordpressSorakreatif\wordpress\wp-includes\class-wp-embed.php on line 446
[29-Nov-2024 07:07:21 UTC] PHP Deprecated:  str_replace(): Passing null to parameter #3 ($subject) of type array|string is deprecated in D:\xampp\htdocs\wordpressSorakreatif\wordpress\wp-includes\class-wp-embed.php on line 454
[29-Nov-2024 07:07:54 UTC] PHP Deprecated:  str_contains(): Passing null to parameter #1 ($haystack) of type string is deprecated in D:\xampp\htdocs\wordpressSorakreatif\wordpress\wp-includes\shortcodes.php on line 246
[29-Nov-2024 07:07:54 UTC] PHP Deprecated:  preg_split(): Passing null to parameter #2 ($subject) of type string is deprecated in D:\xampp\htdocs\wordpressSorakreatif\wordpress\wp-includes\formatting.php on line 616
[29-Nov-2024 07:07:54 UTC] PHP Deprecated:  preg_match(): Passing null to parameter #2 ($subject) of type string is deprecated in D:\xampp\htdocs\wordpressSorakreatif\wordpress\wp-includes\class-wp-embed.php on line 446
[29-Nov-2024 07:07:54 UTC] PHP Deprecated:  str_replace(): Passing null to parameter #3 ($subject) of type array|string is deprecated in D:\xampp\htdocs\wordpressSorakreatif\wordpress\wp-includes\class-wp-embed.php on line 454
[29-Nov-2024 07:08:08 UTC] Cron reschedule event error for hook: litespeed_task_imgoptm_pull, Error code: could_not_set, Error message: The cron event list could not be saved., Data: {"schedule":"litespeed_filter","args":[],"interval":60}
[29-Nov-2024 07:09:49 UTC] PHP Deprecated:  str_contains(): Passing null to parameter #1 ($haystack) of type string is deprecated in D:\xampp\htdocs\wordpressSorakreatif\wordpress\wp-includes\shortcodes.php on line 246
[29-Nov-2024 07:09:49 UTC] PHP Deprecated:  preg_split(): Passing null to parameter #2 ($subject) of type string is deprecated in D:\xampp\htdocs\wordpressSorakreatif\wordpress\wp-includes\formatting.php on line 616
[29-Nov-2024 07:09:49 UTC] PHP Deprecated:  preg_match(): Passing null to parameter #2 ($subject) of type string is deprecated in D:\xampp\htdocs\wordpressSorakreatif\wordpress\wp-includes\class-wp-embed.php on line 446
[29-Nov-2024 07:09:49 UTC] PHP Deprecated:  str_replace(): Passing null to parameter #3 ($subject) of type array|string is deprecated in D:\xampp\htdocs\wordpressSorakreatif\wordpress\wp-includes\class-wp-embed.php on line 454
[29-Nov-2024 08:02:40 UTC] PHP Deprecated:  Function print_emoji_styles is <strong>deprecated</strong> since version 6.4.0! Use wp_enqueue_emoji_styles instead. in D:\xampp\htdocs\wordpressSorakreatif\wordpress\wp-includes\functions.php on line 6114
[29-Nov-2024 08:03:56 UTC] PHP Deprecated:  Constant FILTER_SANITIZE_STRING is deprecated in D:\xampp\htdocs\wordpressSorakreatif\wordpress\wp-content\plugins\astra-sites\inc\classes\class-astra-sites.php on line 2069
[29-Nov-2024 08:45:04 UTC] PHP Fatal error:  Maximum execution time of 120 seconds exceeded in D:\xampp\htdocs\wordpressSorakreatif\wordpress\wp-includes\class-wpdb.php on line 2345
[29-Nov-2024 08:55:45 UTC] Cron reschedule event error for hook: action_scheduler_run_queue, Error code: invalid_schedule, Error message: Event schedule does not exist., Data: {"schedule":"every_minute","args":["WP Cron"],"interval":60}
[29-Nov-2024 08:57:28 UTC] instawp_generate_api_key error, response from connects api: {"success":"","message":"CSRF token mismatch.","data":[],"code":419}
[29-Nov-2024 09:14:26 UTC] PHP Deprecated:  Function wp_update_https_detection_errors is <strong>deprecated</strong> since version 6.4.0 with no alternative available. in D:\xampp\htdocs\wordpressSorakreatif\wordpress\wp-includes\functions.php on line 6114
